<?xml version="1.0" encoding="UTF-8"?>
<!-- Generated by org.testng.reporters.JUnitXMLReporter -->
<testsuite ignored="0" hostname="DESKTOP-U8O34AN" failures="3" tests="3" name="Run on Firefox" time="0.151" errors="0" timestamp="2024-04-14T12:14:26 ICT">
  <testcase classname="commons.BaseTest" name="@BeforeSuite initBeforeSuite" time="0.038">
    <failure type="java.lang.Error" message="Unresolved compilation problem: 
	The method longStackTrace(Throwable, boolean) is undefined for the type Utils
">
      <![CDATA[java.lang.Error: Unresolved compilation problem: 
The method longStackTrace(Throwable, boolean) is undefined for the type Utils

at commons.MethodListener.afterInvocation(MethodListener.java:39)
... Removed 15 stack frames]]>
    </failure>
  </testcase> <!-- @BeforeSuite initBeforeSuite -->
  <testcase classname="com.facebook.register.Element_Undisplayed" name="@BeforeClass beforeClass" time="-1.713071666443E9">
    <failure type="java.lang.Error" message="Unresolved compilation problem: 
	The method longStackTrace(Throwable, boolean) is undefined for the type Utils
">
      <![CDATA[java.lang.Error: Unresolved compilation problem: 
The method longStackTrace(Throwable, boolean) is undefined for the type Utils

at commons.MethodListener.afterInvocation(MethodListener.java:39)
at java.base/java.util.ArrayList.forEach(ArrayList.java:1511)
... Removed 20 stack frames]]>
    </failure>
  </testcase> <!-- @BeforeClass beforeClass -->
  <testcase classname="com.facebook.register.Element_Undisplayed" name="@AfterClass afterClass" time="-1.713071666541E9">
    <failure type="java.lang.Error" message="Unresolved compilation problem: 
	The method longStackTrace(Throwable, boolean) is undefined for the type Utils
">
      <![CDATA[java.lang.Error: Unresolved compilation problem: 
The method longStackTrace(Throwable, boolean) is undefined for the type Utils

at commons.MethodListener.afterInvocation(MethodListener.java:39)
at java.base/java.util.ArrayList.forEach(ArrayList.java:1511)
... Removed 20 stack frames]]>
    </failure>
  </testcase> <!-- @AfterClass afterClass -->
  <testcase classname="com.facebook.register.Element_Undisplayed" name="TC_01_Verify_Element_Displayed" time="0.035">
    <failure type="java.lang.Error" message="Unresolved compilation problem: 
	The method longStackTrace(Throwable, boolean) is undefined for the type Utils
">
      <![CDATA[java.lang.Error: Unresolved compilation problem: 
The method longStackTrace(Throwable, boolean) is undefined for the type Utils

at commons.MethodListener.afterInvocation(MethodListener.java:39)
at java.base/java.util.ArrayList.forEach(ArrayList.java:1511)
... Removed 25 stack frames]]>
    </failure>
  </testcase> <!-- TC_01_Verify_Element_Displayed -->
  <testcase classname="com.facebook.register.Element_Undisplayed" name="TC_02_Verify_Element_Undisplayed_In_DOM" time="0.008">
    <failure type="java.lang.Error" message="Unresolved compilation problem: 
	The method longStackTrace(Throwable, boolean) is undefined for the type Utils
">
      <![CDATA[java.lang.Error: Unresolved compilation problem: 
The method longStackTrace(Throwable, boolean) is undefined for the type Utils

at commons.MethodListener.afterInvocation(MethodListener.java:39)
at java.base/java.util.ArrayList.forEach(ArrayList.java:1511)
... Removed 25 stack frames]]>
    </failure>
  </testcase> <!-- TC_02_Verify_Element_Undisplayed_In_DOM -->
  <testcase classname="com.facebook.register.Element_Undisplayed" name="TC_03_Verify_Element_Undisplayed_Not_In_DOM" time="0.008">
    <failure type="java.lang.Error" message="Unresolved compilation problem: 
	The method longStackTrace(Throwable, boolean) is undefined for the type Utils
">
      <![CDATA[java.lang.Error: Unresolved compilation problem: 
The method longStackTrace(Throwable, boolean) is undefined for the type Utils

at commons.MethodListener.afterInvocation(MethodListener.java:39)
at java.base/java.util.ArrayList.forEach(ArrayList.java:1511)
... Removed 25 stack frames]]>
    </failure>
  </testcase> <!-- TC_03_Verify_Element_Undisplayed_Not_In_DOM -->
</testsuite> <!-- Run on Firefox -->
