<?xml version="1.0" encoding="UTF-8"?>
<!-- Generated by org.testng.reporters.JUnitXMLReporter -->
<testsuite ignored="0" hostname="DESKTOP-U8O34AN" failures="4" tests="4" name="Run on CHROME" time="43.985" errors="0" timestamp="2024-06-12T08:39:12 ICT">
  <testcase classname="com.wordpress.posts.Post01_Create_Read_Update_Delete_Search" name="Create_Post" time="35.294">
    <failure type="org.openqa.selenium.TimeoutException" message="Expected condition failed: waiting for element to be clickable: By.cssSelector: a.page-title-action (tried for 30 second(s) with 500 milliseconds interval)">
      <![CDATA[org.openqa.selenium.TimeoutException: Expected condition failed: waiting for element to be clickable: By.cssSelector: a.page-title-action (tried for 30 second(s) with 500 milliseconds interval)
at org.openqa.selenium.support.ui.WebDriverWait.timeoutException(WebDriverWait.java:84)
at org.openqa.selenium.support.ui.FluentWait.until(FluentWait.java:228)
at commons.BasePage.waitForElementClickable(BasePage.java:536)
at pageObjects.wordpress.AdminPostSearchPageObject.clickToAddNewButton(AdminPostSearchPageObject.java:16)
at com.wordpress.posts.Post01_Create_Read_Update_Delete_Search.Create_Post(Post01_Create_Read_Update_Delete_Search.java:74)
at java.base/java.util.ArrayList.forEach(ArrayList.java:1511)
Caused by: org.openqa.selenium.NoSuchWindowException: no such window: target window already closed
from unknown error: web view not found
  (Session info: chrome=120.0.6099.225)
Build info: version: '4.18.0', revision: 'b6bf9de7cc'
System info: os.name: 'Windows 10', os.arch: 'amd64', os.version: '10.0', java.version: '17.0.10'
Driver info: org.openqa.selenium.chrome.ChromeDriver
Command: [a0e0937f17688e48dad45bfdf6d43bbe, findElement {using=css selector, value=a.page-title-action}]
Capabilities {acceptInsecureCerts: false, browserName: chrome, browserVersion: 120.0.6099.225, chrome: {chromedriverVersion: 120.0.6099.109 (3419140ab66..., userDataDir: C:\Users\Dell\AppData\Local...}, fedcm:accounts: true, goog:chromeOptions: {debuggerAddress: localhost:61659}, networkConnectionEnabled: false, pageLoadStrategy: normal, platformName: windows, proxy: Proxy(), se:cdp: ws://localhost:61659/devtoo..., se:cdpVersion: 120.0.6099.225, setWindowRect: true, strictFileInteractability: false, timeouts: {implicit: 0, pageLoad: 300000, script: 30000}, unhandledPromptBehavior: dismiss and notify, webauthn:extension:credBlob: true, webauthn:extension:largeBlob: true, webauthn:extension:minPinLength: true, webauthn:extension:prf: true, webauthn:virtualAuthenticators: true}
Session ID: a0e0937f17688e48dad45bfdf6d43bbe
at org.openqa.selenium.remote.ErrorCodec.decode(ErrorCodec.java:167)
at org.openqa.selenium.remote.codec.w3c.W3CHttpResponseCodec.decode(W3CHttpResponseCodec.java:138)
at org.openqa.selenium.remote.codec.w3c.W3CHttpResponseCodec.decode(W3CHttpResponseCodec.java:50)
at org.openqa.selenium.remote.HttpCommandExecutor.execute(HttpCommandExecutor.java:190)
at org.openqa.selenium.remote.service.DriverCommandExecutor.invokeExecute(DriverCommandExecutor.java:216)
at org.openqa.selenium.remote.service.DriverCommandExecutor.execute(DriverCommandExecutor.java:174)
at org.openqa.selenium.remote.RemoteWebDriver.execute(RemoteWebDriver.java:519)
at org.openqa.selenium.remote.ElementLocation$ElementFinder$2.findElement(ElementLocation.java:165)
at org.openqa.selenium.remote.ElementLocation.findElement(ElementLocation.java:59)
at org.openqa.selenium.remote.RemoteWebDriver.findElement(RemoteWebDriver.java:356)
at org.openqa.selenium.remote.RemoteWebDriver.findElement(RemoteWebDriver.java:350)
at org.openqa.selenium.support.ui.ExpectedConditions$7.apply(ExpectedConditions.java:194)
at org.openqa.selenium.support.ui.ExpectedConditions$7.apply(ExpectedConditions.java:190)
at org.openqa.selenium.support.ui.ExpectedConditions$22.apply(ExpectedConditions.java:627)
at org.openqa.selenium.support.ui.ExpectedConditions$22.apply(ExpectedConditions.java:624)
at org.openqa.selenium.support.ui.FluentWait.until(FluentWait.java:203)
... 31 more
... Removed 31 stack frames]]>
    </failure>
  </testcase> <!-- Create_Post -->
  <testcase classname="com.wordpress.posts.Post01_Create_Read_Update_Delete_Search" name="Delete_Post" time="0.009">
    <failure type="java.lang.NullPointerException" message="Cannot invoke &amp;quot;pageObjects.wordpress.UserPostDetailPO.openAdminSite(org.openqa.selenium.WebDriver, String)&amp;quot; because &amp;quot;this.userPostDetailPage&amp;quot; is null">
      <![CDATA[java.lang.NullPointerException: Cannot invoke "pageObjects.wordpress.UserPostDetailPO.openAdminSite(org.openqa.selenium.WebDriver, String)" because "this.userPostDetailPage" is null
at com.wordpress.posts.Post01_Create_Read_Update_Delete_Search.Delete_Post(Post01_Create_Read_Update_Delete_Search.java:193)
at java.base/java.util.ArrayList.forEach(ArrayList.java:1511)
... Removed 27 stack frames]]>
    </failure>
  </testcase> <!-- Delete_Post -->
  <testcase classname="com.wordpress.posts.Post01_Create_Read_Update_Delete_Search" name="Edit_Post" time="0.009">
    <failure type="java.lang.NullPointerException" message="Cannot invoke &amp;quot;pageObjects.wordpress.UserPostDetailPO.openAdminSite(org.openqa.selenium.WebDriver, String)&amp;quot; because &amp;quot;this.userPostDetailPage&amp;quot; is null">
      <![CDATA[java.lang.NullPointerException: Cannot invoke "pageObjects.wordpress.UserPostDetailPO.openAdminSite(org.openqa.selenium.WebDriver, String)" because "this.userPostDetailPage" is null
at com.wordpress.posts.Post01_Create_Read_Update_Delete_Search.Edit_Post(Post01_Create_Read_Update_Delete_Search.java:131)
at java.base/java.util.ArrayList.forEach(ArrayList.java:1511)
... Removed 27 stack frames]]>
    </failure>
  </testcase> <!-- Edit_Post -->
  <testcase classname="com.wordpress.posts.Post01_Create_Read_Update_Delete_Search" name="Search_Post" time="0.007">
    <failure type="java.lang.NullPointerException" message="Cannot invoke &amp;quot;pageObjects.wordpress.AdminPostAddNewPageObject.openSearchPostPageUrl(String)&amp;quot; because &amp;quot;this.adminPostAddNewPage&amp;quot; is null">
      <![CDATA[java.lang.NullPointerException: Cannot invoke "pageObjects.wordpress.AdminPostAddNewPageObject.openSearchPostPageUrl(String)" because "this.adminPostAddNewPage" is null
at com.wordpress.posts.Post01_Create_Read_Update_Delete_Search.Search_Post(Post01_Create_Read_Update_Delete_Search.java:95)
at java.base/java.util.ArrayList.forEach(ArrayList.java:1511)
... Removed 27 stack frames]]>
    </failure>
  </testcase> <!-- Search_Post -->
</testsuite> <!-- Run on CHROME -->
