<!DOCTYPE html PUBLIC "-//W3C//DTD XHTML 1.1//EN" "http://www.w3.org/TR/xhtml11/DTD/xhtml11.dtd">
<html xmlns="http://www.w3.org/1999/xhtml">
<head>
<meta http-equiv="content-type" content="text/html; charset=UTF-8"/>
<title>TestNG Report</title>
<style type="text/css">table {margin-bottom:10px;border-collapse:collapse;empty-cells:show}th,td {border:1px solid #009;padding:.25em .5em}th {vertical-align:bottom}td {vertical-align:top}table a {font-weight:bold}.stripe td {background-color: #E6EBF9}.num {text-align:right}.passedodd td {background-color: #3F3}.passedeven td {background-color: #0A0}.skippedodd td {background-color: #DDD}.skippedeven td {background-color: #CCC}.failedodd td,.attn {background-color: #F33}.failedeven td,.stripe .attn {background-color: #D00}.stacktrace {white-space:pre;font-family:monospace}.totop {font-size:85%;text-align:center;border-bottom:2px solid #000}.invisible {display:none}</style>
</head>
<body>
<table>
<tr><th>Test</th><th># Passed</th><th># Skipped</th><th># Failed</th><th>Time (ms)</th><th>Included Groups</th><th>Excluded Groups</th></tr>
<tr><th colspan="7">NopCommerce - User</th></tr>
<tr><td><a href="#t0">Run on CHROME</a></td><td class="num">0</td><td class="num attn">2</td><td class="num">0</td><td class="num">721</td><td></td><td></td></tr>
</table>
<table id='summary'><thead><tr><th>Class</th><th>Method</th><th>Start</th><th>Time (ms)</th></tr></thead><tbody><tr><th colspan="4">NopCommerce - User</th></tr></tbody><tbody id="t0"><tr><th colspan="4">Run on CHROME &#8212; failed (configuration methods)</th></tr><tr class="failedeven"><td rowspan="2">com.nopcommerce.user.Manage_Data</td><td><a href="#m0">afterClass</a></td><td rowspan="1">1714592685045</td><td rowspan="1">7</td></tr><tr class="failedeven"><td><a href="#m1">beforeClass</a></td><td rowspan="1">1714592684381</td><td rowspan="1">177</td></tr><tr><th colspan="4">Run on CHROME &#8212; skipped</th></tr><tr class="skippedeven"><td rowspan="2">com.nopcommerce.user.Manage_Data</td><td><a href="#m2">User01_Register</a></td><td rowspan="1">1714592685006</td><td rowspan="1">0</td></tr><tr class="skippedeven"><td><a href="#m3">User_02_Login</a></td><td rowspan="1">1714592685032</td><td rowspan="1">0</td></tr></tbody>
</table>
<h2>Run on CHROME</h2><h3 id="m0">com.nopcommerce.user.Manage_Data#afterClass</h3><table class="result"><tr><th>Messages</th></tr><tr><td><div class="messages">[INFO ] [2024-05-02 02:44:45,048] - OS name = windows 10
<br><br/>[INFO ] [2024-05-02 02:44:45,051] - Cannot invoke "Object.toString()" because "this.driver" is null
<br></div></td></tr><tr><th>Exception</th></tr><tr><td><div class="stacktrace">java.lang.NullPointerException: Cannot invoke &quot;String.isEmpty()&quot; because &quot;command&quot; is null
	at java.base/java.lang.Runtime.exec(Runtime.java:484)
	at java.base/java.lang.Runtime.exec(Runtime.java:366)
	at commons.BaseTest.closeBrowserDriver(BaseTest.java:198)
	at com.nopcommerce.user.Manage_Data.afterClass(Manage_Data.java:117)
... Removed 24 stack frames</div></td></tr></table><p class="totop"><a href="#summary">back to summary</a></p>
<h3 id="m1">com.nopcommerce.user.Manage_Data#beforeClass</h3><table class="result"><tr class="param"><th>Parameter #1</th></tr><tr class="param stripe"><td>chrome</td></tr><tr><th>Exception</th></tr><tr><td><div class="stacktrace">java.lang.IllegalStateException: The path to the driver executable The path to the driver executable must be set by the webdriver.chrome.driver system property; for more information, see https://chromedriver.chromium.org/. The latest version can be downloaded from https://chromedriver.chromium.org/downloads
	at org.openqa.selenium.internal.Require$StateChecker.nonNull(Require.java:311)
	at org.openqa.selenium.remote.service.DriverService.findExecutable(DriverService.java:135)
	at org.openqa.selenium.chrome.ChromeDriverService.access$000(ChromeDriverService.java:39)
	at org.openqa.selenium.chrome.ChromeDriverService$Builder.findDefaultExecutable(ChromeDriverService.java:233)
	at org.openqa.selenium.remote.service.DriverService$Builder.build(DriverService.java:437)
	at org.openqa.selenium.chrome.ChromeDriverService.createServiceWithConfig(ChromeDriverService.java:142)
	at org.openqa.selenium.chrome.ChromeDriver.&lt;init&gt;(ChromeDriver.java:70)
	at commons.BaseTest.getBrowserDriver(BaseTest.java:64)
	at com.nopcommerce.user.Manage_Data.beforeClass(Manage_Data.java:37)
... Removed 24 stack frames</div></td></tr></table><p class="totop"><a href="#summary">back to summary</a></p>
<h3 id="m2">com.nopcommerce.user.Manage_Data#User01_Register</h3><table class="result"><tr><th>Exception</th></tr><tr><td><div class="stacktrace">java.lang.IllegalStateException: The path to the driver executable The path to the driver executable must be set by the webdriver.chrome.driver system property; for more information, see https://chromedriver.chromium.org/. The latest version can be downloaded from https://chromedriver.chromium.org/downloads
	at org.openqa.selenium.internal.Require$StateChecker.nonNull(Require.java:311)
	at org.openqa.selenium.remote.service.DriverService.findExecutable(DriverService.java:135)
	at org.openqa.selenium.chrome.ChromeDriverService.access$000(ChromeDriverService.java:39)
	at org.openqa.selenium.chrome.ChromeDriverService$Builder.findDefaultExecutable(ChromeDriverService.java:233)
	at org.openqa.selenium.remote.service.DriverService$Builder.build(DriverService.java:437)
	at org.openqa.selenium.chrome.ChromeDriverService.createServiceWithConfig(ChromeDriverService.java:142)
	at org.openqa.selenium.chrome.ChromeDriver.&lt;init&gt;(ChromeDriver.java:70)
	at commons.BaseTest.getBrowserDriver(BaseTest.java:64)
	at com.nopcommerce.user.Manage_Data.beforeClass(Manage_Data.java:37)
... Removed 24 stack frames</div></td></tr></table><p class="totop"><a href="#summary">back to summary</a></p>
<h3 id="m3">com.nopcommerce.user.Manage_Data#User_02_Login</h3><table class="result"><tr><th>Exception</th></tr><tr><td><div class="stacktrace">java.lang.IllegalStateException: The path to the driver executable The path to the driver executable must be set by the webdriver.chrome.driver system property; for more information, see https://chromedriver.chromium.org/. The latest version can be downloaded from https://chromedriver.chromium.org/downloads
	at org.openqa.selenium.internal.Require$StateChecker.nonNull(Require.java:311)
	at org.openqa.selenium.remote.service.DriverService.findExecutable(DriverService.java:135)
	at org.openqa.selenium.chrome.ChromeDriverService.access$000(ChromeDriverService.java:39)
	at org.openqa.selenium.chrome.ChromeDriverService$Builder.findDefaultExecutable(ChromeDriverService.java:233)
	at org.openqa.selenium.remote.service.DriverService$Builder.build(DriverService.java:437)
	at org.openqa.selenium.chrome.ChromeDriverService.createServiceWithConfig(ChromeDriverService.java:142)
	at org.openqa.selenium.chrome.ChromeDriver.&lt;init&gt;(ChromeDriver.java:70)
	at commons.BaseTest.getBrowserDriver(BaseTest.java:64)
	at com.nopcommerce.user.Manage_Data.beforeClass(Manage_Data.java:37)
... Removed 24 stack frames</div></td></tr></table><p class="totop"><a href="#summary">back to summary</a></p>
</body>
</html>
