<?xml version="1.0" encoding="UTF-8"?>
<!-- Generated by org.testng.reporters.JUnitXMLReporter -->
<testsuite ignored="0" hostname="DESKTOP-U8O34AN" failures="0" tests="5" name="Run on CHROME" time="36.682" errors="0" timestamp="2024-04-21T11:28:17 ICT">
  <testcase classname="com.wordpress.posts.Post01_Create_Read_Update_Delete_Search" name="@BeforeClass beforeClass" time="36.063">
    <failure type="org.openqa.selenium.TimeoutException" message="Expected condition failed: waiting for visibility of element located by By.xpath: //input[@id=&amp;apos;user_login&amp;apos;] (tried for 30 second(s) with 500 milliseconds interval)">
      <![CDATA[org.openqa.selenium.TimeoutException: Expected condition failed: waiting for visibility of element located by By.xpath: //input[@id='user_login'] (tried for 30 second(s) with 500 milliseconds interval)
at org.openqa.selenium.support.ui.WebDriverWait.timeoutException(WebDriverWait.java:84)
at org.openqa.selenium.support.ui.FluentWait.until(FluentWait.java:228)
at commons.BasePage.waitForElementVisible(BasePage.java:439)
at pageObjects.wordpress.admin.AdminLoginPageObject.enterToUsernameTextbox(AdminLoginPageObject.java:16)
at com.wordpress.posts.Post01_Create_Read_Update_Delete_Search.beforeClass(Post01_Create_Read_Update_Delete_Search.java:40)
at java.base/java.util.ArrayList.forEach(ArrayList.java:1511)
Caused by: org.openqa.selenium.NoSuchWindowException: no such window: target window already closed
from unknown error: web view not found
  (Session info: chrome=120.0.6099.225)
Build info: version: '4.18.0', revision: 'b6bf9de7cc'
System info: os.name: 'Windows 10', os.arch: 'amd64', os.version: '10.0', java.version: '17.0.10'
Driver info: org.openqa.selenium.chrome.ChromeDriver
Command: [4fce2d1f41db54488683a6206897b32a, findElement {using=xpath, value=//input[@id='user_login']}]
Capabilities {acceptInsecureCerts: false, browserName: chrome, browserVersion: 120.0.6099.225, chrome: {chromedriverVersion: 120.0.6099.109 (3419140ab66..., userDataDir: C:\Users\Dell\AppData\Local...}, fedcm:accounts: true, goog:chromeOptions: {debuggerAddress: localhost:57623}, networkConnectionEnabled: false, pageLoadStrategy: normal, platformName: windows, proxy: Proxy(), se:cdp: ws://localhost:57623/devtoo..., se:cdpVersion: 120.0.6099.225, setWindowRect: true, strictFileInteractability: false, timeouts: {implicit: 0, pageLoad: 300000, script: 30000}, unhandledPromptBehavior: dismiss and notify, webauthn:extension:credBlob: true, webauthn:extension:largeBlob: true, webauthn:extension:minPinLength: true, webauthn:extension:prf: true, webauthn:virtualAuthenticators: true}
Session ID: 4fce2d1f41db54488683a6206897b32a
at org.openqa.selenium.remote.ErrorCodec.decode(ErrorCodec.java:167)
at org.openqa.selenium.remote.codec.w3c.W3CHttpResponseCodec.decode(W3CHttpResponseCodec.java:138)
at org.openqa.selenium.remote.codec.w3c.W3CHttpResponseCodec.decode(W3CHttpResponseCodec.java:50)
at org.openqa.selenium.remote.HttpCommandExecutor.execute(HttpCommandExecutor.java:190)
at org.openqa.selenium.remote.service.DriverCommandExecutor.invokeExecute(DriverCommandExecutor.java:216)
at org.openqa.selenium.remote.service.DriverCommandExecutor.execute(DriverCommandExecutor.java:174)
at org.openqa.selenium.remote.RemoteWebDriver.execute(RemoteWebDriver.java:519)
at org.openqa.selenium.remote.ElementLocation$ElementFinder$2.findElement(ElementLocation.java:165)
at org.openqa.selenium.remote.ElementLocation.findElement(ElementLocation.java:59)
at org.openqa.selenium.remote.RemoteWebDriver.findElement(RemoteWebDriver.java:356)
at org.openqa.selenium.remote.RemoteWebDriver.findElement(RemoteWebDriver.java:350)
at org.openqa.selenium.support.ui.ExpectedConditions$7.apply(ExpectedConditions.java:194)
at org.openqa.selenium.support.ui.ExpectedConditions$7.apply(ExpectedConditions.java:190)
at org.openqa.selenium.support.ui.FluentWait.until(FluentWait.java:203)
... 29 more
... Removed 29 stack frames]]>
    </failure>
  </testcase> <!-- @BeforeClass beforeClass -->
  <testcase classname="com.wordpress.posts.Post01_Create_Read_Update_Delete_Search" name="Create_Post" time="0.0">
    <skipped/>
  </testcase> <!-- Create_Post -->
  <testcase classname="com.wordpress.posts.Post01_Create_Read_Update_Delete_Search" name="Delete_Post" time="0.0">
    <skipped/>
  </testcase> <!-- Delete_Post -->
  <testcase classname="com.wordpress.posts.Post01_Create_Read_Update_Delete_Search" name="Edit_Post" time="0.0">
    <skipped/>
  </testcase> <!-- Edit_Post -->
  <testcase classname="com.wordpress.posts.Post01_Create_Read_Update_Delete_Search" name="Search_Post" time="0.0">
    <skipped/>
  </testcase> <!-- Search_Post -->
  <testcase classname="com.wordpress.posts.Post01_Create_Read_Update_Delete_Search" name="View_Post" time="0.0">
    <skipped/>
  </testcase> <!-- View_Post -->
</testsuite> <!-- Run on CHROME -->
