<html>
<head>
<title>TestNG:  Run on CHROME</title>
<link href="../testng.css" rel="stylesheet" type="text/css" />
<link href="../my-testng.css" rel="stylesheet" type="text/css" />

<style type="text/css">
.log { display: none;} 
.stack-trace { display: none;} 
</style>
<script type="text/javascript">
<!--
function flip(e) {
  current = e.style.display;
  if (current == 'block') {
    e.style.display = 'none';
    return 0;
  }
  else {
    e.style.display = 'block';
    return 1;
  }
}

function toggleBox(szDivId, elem, msg1, msg2)
{
  var res = -1;  if (document.getElementById) {
    res = flip(document.getElementById(szDivId));
  }
  else if (document.all) {
    // this is the way old msie versions work
    res = flip(document.all[szDivId]);
  }
  if(elem) {
    if(res == 0) elem.innerHTML = msg1; else elem.innerHTML = msg2;
  }

}

function toggleAllBoxes() {
  if (document.getElementsByTagName) {
    d = document.getElementsByTagName('div');
    for (i = 0; i < d.length; i++) {
      if (d[i].className == 'log') {
        flip(d[i]);
      }
    }
  }
}

// -->
</script>

</head>
<body>
<h2 align='center'>Run on CHROME</h2><table border='1' align="center">
<tr>
<td>Tests passed/Failed/Skipped:</td><td>9/1/0</td>
</tr><tr>
<td>Started on:</td><td>Thu Jun 13 15:54:07 ICT 2024</td>
</tr>
<tr><td>Total time:</td><td>112 seconds (112060 ms)</td>
</tr><tr>
<td>Included groups:</td><td></td>
</tr><tr>
<td>Excluded groups:</td><td></td>
</tr>
</table><p/>
<small><i>(Hover the method name to see the test class name)</i></small><p/>
<table width='100%' border='1' class='invocation-failed'>
<tr><td colspan='4' align='center'><b>FAILED TESTS</b></td></tr>
<tr><td><b>Test method</b></td>
<td width="30%"><b>Exception</b></td>
<td width="10%"><b>Time (seconds)</b></td>
<td><b>Instance</b></td>
</tr>
<tr>
<td title='com.orangehrm.pim.PIM_Employee.Employee_05_Dependents()'><b>Employee_05_Dependents</b><br>Test class: com.orangehrm.pim.PIM_Employee</td>
<td><div><pre>org.openqa.selenium.TimeoutException: Expected condition failed: waiting for element to be clickable: By.xpath: //div[@class=&apos;oxd-table-card&apos;]//label/input/following-sibling::span/i (tried for 30 second(s) with 500 milliseconds interval)
Build info: version: &apos;4.18.0&apos;, revision: &apos;b6bf9de7cc&apos;
System info: os.name: &apos;Windows 10&apos;, os.arch: &apos;amd64&apos;, os.version: &apos;10.0&apos;, java.version: &apos;17.0.10&apos;
Driver info: org.openqa.selenium.chrome.ChromeDriver
Capabilities {acceptInsecureCerts: false, browserName: chrome, browserVersion: 120.0.6099.225, chrome: {chromedriverVersion: 120.0.6099.109 (3419140ab66..., userDataDir: C:\Users\Dell\AppData\Local...}, fedcm:accounts: true, goog:chromeOptions: {debuggerAddress: localhost:61283}, networkConnectionEnabled: false, pageLoadStrategy: normal, platformName: windows, proxy: Proxy(), se:cdp: ws://localhost:61283/devtoo..., se:cdpVersion: 120.0.6099.225, setWindowRect: true, strictFileInteractability: false, timeouts: {implicit: 0, pageLoad: 300000, script: 30000}, unhandledPromptBehavior: dismiss and notify, webauthn:extension:credBlob: true, webauthn:extension:largeBlob: true, webauthn:extension:minPinLength: true, webauthn:extension:prf: true, webauthn:virtualAuthenticators: true}
Session ID: adbee356680e488bc270cc25d72b772e
	at org.openqa.selenium.support.ui.WebDriverWait.timeoutException(WebDriverWait.java:84)
	at org.openqa.selenium.support.ui.FluentWait.until(FluentWait.java:228)
	at commons.BasePage.waitForElementClickable(BasePage.java:536)
	at pageObjects.orangehrm.DependenciesPageObject.checkDeleteDependent(DependenciesPageObject.java:51)
	at com.orangehrm.pim.PIM_Employee.Employee_05_Dependents(PIM_Employee.java:210)
	at java.base/java.util.ArrayList.forEach(ArrayList.java:1511)
... Removed 27 stack frames</pre></div><a href='#' onClick='toggleBox("stack-trace1128198660", this, "Click to show all stack frames", "Click to hide stack frames")'>Click to show all stack frames</a>
<div class='stack-trace' id='stack-trace1128198660'><pre>org.openqa.selenium.TimeoutException: Expected condition failed: waiting for element to be clickable: By.xpath: //div[@class=&apos;oxd-table-card&apos;]//label/input/following-sibling::span/i (tried for 30 second(s) with 500 milliseconds interval)
Build info: version: &apos;4.18.0&apos;, revision: &apos;b6bf9de7cc&apos;
System info: os.name: &apos;Windows 10&apos;, os.arch: &apos;amd64&apos;, os.version: &apos;10.0&apos;, java.version: &apos;17.0.10&apos;
Driver info: org.openqa.selenium.chrome.ChromeDriver
Capabilities {acceptInsecureCerts: false, browserName: chrome, browserVersion: 120.0.6099.225, chrome: {chromedriverVersion: 120.0.6099.109 (3419140ab66..., userDataDir: C:\Users\Dell\AppData\Local...}, fedcm:accounts: true, goog:chromeOptions: {debuggerAddress: localhost:61283}, networkConnectionEnabled: false, pageLoadStrategy: normal, platformName: windows, proxy: Proxy(), se:cdp: ws://localhost:61283/devtoo..., se:cdpVersion: 120.0.6099.225, setWindowRect: true, strictFileInteractability: false, timeouts: {implicit: 0, pageLoad: 300000, script: 30000}, unhandledPromptBehavior: dismiss and notify, webauthn:extension:credBlob: true, webauthn:extension:largeBlob: true, webauthn:extension:minPinLength: true, webauthn:extension:prf: true, webauthn:virtualAuthenticators: true}
Session ID: adbee356680e488bc270cc25d72b772e
	at org.openqa.selenium.support.ui.WebDriverWait.timeoutException(WebDriverWait.java:84)
	at org.openqa.selenium.support.ui.FluentWait.until(FluentWait.java:228)
	at commons.BasePage.waitForElementClickable(BasePage.java:536)
	at pageObjects.orangehrm.DependenciesPageObject.checkDeleteDependent(DependenciesPageObject.java:51)
	at com.orangehrm.pim.PIM_Employee.Employee_05_Dependents(PIM_Employee.java:210)
	at java.base/jdk.internal.reflect.NativeMethodAccessorImpl.invoke0(Native Method)
	at java.base/jdk.internal.reflect.NativeMethodAccessorImpl.invoke(NativeMethodAccessorImpl.java:77)
	at java.base/jdk.internal.reflect.DelegatingMethodAccessorImpl.invoke(DelegatingMethodAccessorImpl.java:43)
	at java.base/java.lang.reflect.Method.invoke(Method.java:568)
	at org.testng.internal.MethodInvocationHelper.invokeMethod(MethodInvocationHelper.java:133)
	at org.testng.internal.TestInvoker.invokeMethod(TestInvoker.java:598)
	at org.testng.internal.TestInvoker.invokeTestMethod(TestInvoker.java:173)
	at org.testng.internal.MethodRunner.runInSequence(MethodRunner.java:46)
	at org.testng.internal.TestInvoker$MethodInvocationAgent.invoke(TestInvoker.java:824)
	at org.testng.internal.TestInvoker.invokeTestMethods(TestInvoker.java:146)
	at org.testng.internal.TestMethodWorker.invokeTestMethods(TestMethodWorker.java:146)
	at org.testng.internal.TestMethodWorker.run(TestMethodWorker.java:128)
	at java.base/java.util.ArrayList.forEach(ArrayList.java:1511)
	at org.testng.TestRunner.privateRun(TestRunner.java:794)
	at org.testng.TestRunner.run(TestRunner.java:596)
	at org.testng.SuiteRunner.runTest(SuiteRunner.java:377)
	at org.testng.SuiteRunner.runSequentially(SuiteRunner.java:371)
	at org.testng.SuiteRunner.privateRun(SuiteRunner.java:332)
	at org.testng.SuiteRunner.run(SuiteRunner.java:276)
	at org.testng.SuiteRunnerWorker.runSuite(SuiteRunnerWorker.java:53)
	at org.testng.SuiteRunnerWorker.run(SuiteRunnerWorker.java:96)
	at org.testng.TestNG.runSuitesSequentially(TestNG.java:1212)
	at org.testng.TestNG.runSuitesLocally(TestNG.java:1134)
	at org.testng.TestNG.runSuites(TestNG.java:1063)
	at org.testng.TestNG.run(TestNG.java:1031)
	at org.testng.remote.AbstractRemoteTestNG.run(AbstractRemoteTestNG.java:115)
	at org.testng.remote.RemoteTestNG.initAndRun(RemoteTestNG.java:293)
	at org.testng.remote.RemoteTestNG.main(RemoteTestNG.java:91)
</pre></div></td>
<td>36</td>
<td>com.orangehrm.pim.PIM_Employee@f316aeb</td></tr>
</table><p>
<table width='100%' border='1' class='invocation-passed'>
<tr><td colspan='4' align='center'><b>PASSED TESTS</b></td></tr>
<tr><td><b>Test method</b></td>
<td width="30%"><b>Exception</b></td>
<td width="10%"><b>Time (seconds)</b></td>
<td><b>Instance</b></td>
</tr>
<tr>
<td title='com.orangehrm.pim.PIM_Employee.Employee_03_Contact_Details()'><b>Employee_03_Contact_Details</b><br>Test class: com.orangehrm.pim.PIM_Employee</td>
<td></td>
<td>9</td>
<td>com.orangehrm.pim.PIM_Employee@f316aeb</td></tr>
<tr>
<td title='com.orangehrm.pim.PIM_Employee.Employee_07_Job()'><b>Employee_07_Job</b><br>Test class: com.orangehrm.pim.PIM_Employee</td>
<td></td>
<td>0</td>
<td>com.orangehrm.pim.PIM_Employee@f316aeb</td></tr>
<tr>
<td title='com.orangehrm.pim.PIM_Employee.Employee_01_Add_New()'><b>Employee_01_Add_New</b><br>Test class: com.orangehrm.pim.PIM_Employee</td>
<td></td>
<td>11</td>
<td>com.orangehrm.pim.PIM_Employee@f316aeb</td></tr>
<tr>
<td title='com.orangehrm.pim.PIM_Employee.Employee_10_Qualifications()'><b>Employee_10_Qualifications</b><br>Test class: com.orangehrm.pim.PIM_Employee</td>
<td></td>
<td>0</td>
<td>com.orangehrm.pim.PIM_Employee@f316aeb</td></tr>
<tr>
<td title='com.orangehrm.pim.PIM_Employee.Employee_04_Emergency_Contacts()'><b>Employee_04_Emergency_Contacts</b><br>Test class: com.orangehrm.pim.PIM_Employee</td>
<td></td>
<td>3</td>
<td>com.orangehrm.pim.PIM_Employee@f316aeb</td></tr>
<tr>
<td title='com.orangehrm.pim.PIM_Employee.Employee_08_Salary()'><b>Employee_08_Salary</b><br>Test class: com.orangehrm.pim.PIM_Employee</td>
<td></td>
<td>0</td>
<td>com.orangehrm.pim.PIM_Employee@f316aeb</td></tr>
<tr>
<td title='com.orangehrm.pim.PIM_Employee.Employee_02_Personal_Details()'><b>Employee_02_Personal_Details</b><br>Test class: com.orangehrm.pim.PIM_Employee</td>
<td></td>
<td>34</td>
<td>com.orangehrm.pim.PIM_Employee@f316aeb</td></tr>
<tr>
<td title='com.orangehrm.pim.PIM_Employee.Employee_06_Immigration()'><b>Employee_06_Immigration</b><br>Test class: com.orangehrm.pim.PIM_Employee</td>
<td></td>
<td>0</td>
<td>com.orangehrm.pim.PIM_Employee@f316aeb</td></tr>
<tr>
<td title='com.orangehrm.pim.PIM_Employee.Employee_09_Report()'><b>Employee_09_Report</b><br>Test class: com.orangehrm.pim.PIM_Employee</td>
<td></td>
<td>0</td>
<td>com.orangehrm.pim.PIM_Employee@f316aeb</td></tr>
</table><p>
</body>
</html>