<?xml version="1.0" encoding="UTF-8"?>
<!-- Generated by org.testng.reporters.JUnitReportReporter -->
<testsuite hostname="DESKTOP-U8O34AN" failures="1" tests="3" name="com.nopcommerce.user.Custom_Close_Driver" time="10.165" errors="0" timestamp="2024-04-14T21:29:06 ICT" skipped="2">
  <testcase classname="com.nopcommerce.user.Custom_Close_Driver" name="beforeClass" time="10.165">
    <failure message="expected [Your registration completed..] but found [Your registration completed]" type="java.lang.AssertionError">
      <![CDATA[java.lang.AssertionError: expected [Your registration completed..] but found [Your registration completed]
at org.testng.Assert.fail(Assert.java:99)
at org.testng.Assert.failNotEquals(Assert.java:1037)
at org.testng.Assert.assertEqualsImpl(Assert.java:140)
at org.testng.Assert.assertEquals(Assert.java:122)
at org.testng.Assert.assertEquals(Assert.java:629)
at org.testng.Assert.assertEquals(Assert.java:639)
at com.nopcommerce.user.Custom_Close_Driver.beforeClass(Custom_Close_Driver.java:48)
at java.base/jdk.internal.reflect.NativeMethodAccessorImpl.invoke0(Native Method)
at java.base/jdk.internal.reflect.NativeMethodAccessorImpl.invoke(NativeMethodAccessorImpl.java:77)
at java.base/jdk.internal.reflect.DelegatingMethodAccessorImpl.invoke(DelegatingMethodAccessorImpl.java:43)
at java.base/java.lang.reflect.Method.invoke(Method.java:568)
at org.testng.internal.MethodInvocationHelper.invokeMethod(MethodInvocationHelper.java:133)
at org.testng.internal.MethodInvocationHelper.invokeMethodConsideringTimeout(MethodInvocationHelper.java:62)
at org.testng.internal.ConfigInvoker.invokeConfigurationMethod(ConfigInvoker.java:385)
at org.testng.internal.ConfigInvoker.invokeConfigurations(ConfigInvoker.java:321)
at org.testng.internal.TestMethodWorker.invokeBeforeClassMethods(TestMethodWorker.java:176)
at org.testng.internal.TestMethodWorker.run(TestMethodWorker.java:122)
at java.base/java.util.ArrayList.forEach(ArrayList.java:1511)
at org.testng.TestRunner.privateRun(TestRunner.java:794)
at org.testng.TestRunner.run(TestRunner.java:596)
at org.testng.SuiteRunner.runTest(SuiteRunner.java:377)
at org.testng.SuiteRunner.runSequentially(SuiteRunner.java:371)
at org.testng.SuiteRunner.privateRun(SuiteRunner.java:332)
at org.testng.SuiteRunner.run(SuiteRunner.java:276)
at org.testng.SuiteRunnerWorker.runSuite(SuiteRunnerWorker.java:53)
at org.testng.SuiteRunnerWorker.run(SuiteRunnerWorker.java:96)
at org.testng.TestNG.runSuitesSequentially(TestNG.java:1212)
at org.testng.TestNG.runSuitesLocally(TestNG.java:1134)
at org.testng.TestNG.runSuites(TestNG.java:1063)
at org.testng.TestNG.run(TestNG.java:1031)
at org.testng.remote.AbstractRemoteTestNG.run(AbstractRemoteTestNG.java:115)
at org.testng.remote.RemoteTestNG.initAndRun(RemoteTestNG.java:293)
at org.testng.remote.RemoteTestNG.main(RemoteTestNG.java:91)
]]>
    </failure>
  </testcase> <!-- beforeClass -->
  <system-out>
    <![CDATA[[INFO ] [2024-04-14 21:29:02,312] - Register - Step 01: Navigate to 'Register' page
<br>
[INFO ] [2024-04-14 21:29:03,269] - Register - Step 02: Enter to all fields information
<br>
[INFO ] [2024-04-14 21:29:04,434] - Register - Step 03: Click to Register button
<br>
[INFO ] [2024-04-14 21:29:05,173] - Register - Step 04: Verify success message displayed
<br>]]>
  </system-out>
  <testcase classname="com.nopcommerce.user.Custom_Close_Driver" name="Search_Address" time="0.000">
    <skipped/>
  </testcase> <!-- Search_Address -->
  <system-out/>
  <testcase classname="com.nopcommerce.user.Custom_Close_Driver" name="Search_Name" time="0.000">
    <skipped/>
  </testcase> <!-- Search_Name -->
  <system-out/>
</testsuite> <!-- com.nopcommerce.user.Custom_Close_Driver -->
